<?xml version="1.0" encoding="UTF-8"?>
<!-- Generated by org.testng.reporters.JUnitReportReporter -->
<testsuite skipped="0" hostname="QAPPS02" name="com.How_to_run_Test_in_TestNG.Demo_Double_clicks_on_Element" tests="1" failures="0" timestamp="31 Aug 2019 07:09:22 GMT" time="16.652" errors="0">
  <testcase name="Double_clicks_on_Element" time="16.652" classname="com.How_to_run_Test_in_TestNG.Demo_Double_clicks_on_Element"/>
</testsuite> <!-- com.How_to_run_Test_in_TestNG.Demo_Double_clicks_on_Element -->
